android/app/build/intermediates/manifest_merge_blame_file/debug/manifest-merger-blame-debug-report.txt
1<?xml version="1.0" encoding="utf-8"?>
2<manifest xmlns:android="http://schemas.android.com/apk/res/android"
3    package="com.projectname"
4    android:versionCode="1"
5    android:versionName="1.0" >
6
7    <uses-sdk
8        android:minSdkVersion="21"
9        android:targetSdkVersion="30" />
10
11    <uses-permission android:name="android.permission.SYSTEM_ALERT_WINDOW" />
11-->src\debug\AndroidManifest.xml:5:5-77
11-->src\debug\AndroidManifest.xml:5:22-75
12    <uses-permission android:name="android.permission.INTERNET" />
12-->src\main\AndroidManifest.xml:4:5-67
12-->src\main\AndroidManifest.xml:4:22-64
13    <uses-permission android:name="android.permission.ACCESS_WIFI_STATE" />
13-->[com.facebook.flipper:flipper:0.93.0] AndroidManifest.xml:16:5-76
13-->[com.facebook.flipper:flipper:0.93.0] AndroidManifest.xml:16:22-73
14    <uses-permission android:name="android.permission.WAKE_LOCK" />
14-->[:react-native-firebase_messaging] AndroidManifest.xml:10:5-68
14-->[:react-native-firebase_messaging] AndroidManifest.xml:10:22-65
15    <uses-permission android:name="android.permission.ACCESS_NETWORK_STATE" /> <!-- Required by older versions of Google Play services to create IID tokens -->
15-->[:react-native-firebase_messaging] AndroidManifest.xml:11:5-79
15-->[:react-native-firebase_messaging] AndroidManifest.xml:11:22-76
16    <uses-permission android:name="com.google.android.c2dm.permission.RECEIVE" />
16-->[com.google.firebase:firebase-messaging:22.0.0] AndroidManifest.xml:25:5-82
16-->[com.google.firebase:firebase-messaging:22.0.0] AndroidManifest.xml:25:22-79
17    <uses-permission android:name="android.permission.RECEIVE_BOOT_COMPLETED" />
17-->[androidx.work:work-runtime:2.5.0] AndroidManifest.xml:27:5-81
17-->[androidx.work:work-runtime:2.5.0] AndroidManifest.xml:27:22-78
18    <uses-permission android:name="android.permission.FOREGROUND_SERVICE" />
18-->[androidx.work:work-runtime:2.5.0] AndroidManifest.xml:28:5-77
18-->[androidx.work:work-runtime:2.5.0] AndroidManifest.xml:28:22-74
19    <uses-permission android:name="com.google.android.finsky.permission.BIND_GET_INSTALL_REFERRER_SERVICE" />
19-->[com.google.android.gms:play-services-measurement:19.0.1] AndroidManifest.xml:26:5-110
19-->[com.google.android.gms:play-services-measurement:19.0.1] AndroidManifest.xml:26:22-107
20    <uses-permission android:name="android.permission.VIBRATE" />
20-->[app.notifee:core:202108261754] AndroidManifest.xml:12:5-66
20-->[app.notifee:core:202108261754] AndroidManifest.xml:12:22-63
21    <uses-permission android:name="android.permission.USE_FULL_SCREEN_INTENT" />
21-->[app.notifee:core:202108261754] AndroidManifest.xml:15:5-81
21-->[app.notifee:core:202108261754] AndroidManifest.xml:15:22-78
22
23    <application
23-->src\main\AndroidManifest.xml:6:5-24:19
24        android:name="com.projectname.MainApplication"
24-->src\main\AndroidManifest.xml:7:7-38
25        android:allowBackup="false"
25-->src\main\AndroidManifest.xml:11:7-34
26        android:appComponentFactory="androidx.core.app.CoreComponentFactory"
26-->[androidx.core:core:1.2.0] AndroidManifest.xml:24:18-86
27        android:debuggable="true"
28        android:icon="@mipmap/ic_launcher"
28-->src\main\AndroidManifest.xml:9:7-41
29        android:label="@string/app_name"
29-->src\main\AndroidManifest.xml:8:7-39
30        android:roundIcon="@mipmap/ic_launcher_round"
30-->src\main\AndroidManifest.xml:10:7-52
31        android:theme="@style/AppTheme"
31-->src\main\AndroidManifest.xml:12:7-38
32        android:usesCleartextTraffic="true" >
32-->src\debug\AndroidManifest.xml:8:9-44
33        <activity android:name="com.facebook.react.devsupport.DevSettingsActivity" />
33-->src\debug\AndroidManifest.xml:11:9-86
33-->src\debug\AndroidManifest.xml:11:19-83
34        <activity
34-->src\main\AndroidManifest.xml:13:7-23:18
35            android:name="com.projectname.MainActivity"
35-->src\main\AndroidManifest.xml:14:9-37
36            android:configChanges="keyboard|keyboardHidden|orientation|screenSize|uiMode"
36-->src\main\AndroidManifest.xml:16:9-86
37            android:label="@string/app_name"
37-->src\main\AndroidManifest.xml:15:9-41
38            android:launchMode="singleTask"
38-->src\main\AndroidManifest.xml:17:9-40
39            android:windowSoftInputMode="adjustResize" >
39-->src\main\AndroidManifest.xml:18:9-51
40            <intent-filter>
40-->src\main\AndroidManifest.xml:19:9-22:25
41                <action android:name="android.intent.action.MAIN" />
41-->src\main\AndroidManifest.xml:20:13-65
41-->src\main\AndroidManifest.xml:20:21-62
42
43                <category android:name="android.intent.category.LAUNCHER" />
43-->src\main\AndroidManifest.xml:21:13-73
43-->src\main\AndroidManifest.xml:21:23-70
44            </intent-filter>
45        </activity>
46
47        <provider
47-->[:notifee_react-native] AndroidManifest.xml:10:9-14:40
48            android:name="io.invertase.notifee.NotifeeInitProvider"
48-->[:notifee_react-native] AndroidManifest.xml:11:13-68
49            android:authorities="com.projectname.notifee-init-provider"
49-->[:notifee_react-native] AndroidManifest.xml:12:13-73
50            android:exported="false"
50-->[:notifee_react-native] AndroidManifest.xml:13:13-37
51            android:initOrder="-100" />
51-->[:notifee_react-native] AndroidManifest.xml:14:13-37
52
53        <service android:name="io.invertase.firebase.messaging.ReactNativeFirebaseMessagingHeadlessService" />
53-->[:react-native-firebase_messaging] AndroidManifest.xml:14:9-111
53-->[:react-native-firebase_messaging] AndroidManifest.xml:14:18-108
54        <service
54-->[:react-native-firebase_messaging] AndroidManifest.xml:15:9-21:19
55            android:name="io.invertase.firebase.messaging.ReactNativeFirebaseMessagingService"
55-->[:react-native-firebase_messaging] AndroidManifest.xml:16:13-95
56            android:exported="false" >
56-->[:react-native-firebase_messaging] AndroidManifest.xml:17:13-37
57            <intent-filter>
57-->[:react-native-firebase_messaging] AndroidManifest.xml:18:13-20:29
58                <action android:name="com.google.firebase.MESSAGING_EVENT" />
58-->[:react-native-firebase_messaging] AndroidManifest.xml:19:17-78
58-->[:react-native-firebase_messaging] AndroidManifest.xml:19:25-75
59            </intent-filter>
60        </service>
61
62        <receiver
62-->[:react-native-firebase_messaging] AndroidManifest.xml:23:9-30:20
63            android:name="io.invertase.firebase.messaging.ReactNativeFirebaseMessagingReceiver"
63-->[:react-native-firebase_messaging] AndroidManifest.xml:24:13-96
64            android:exported="true"
64-->[:react-native-firebase_messaging] AndroidManifest.xml:25:13-36
65            android:permission="com.google.android.c2dm.permission.SEND" >
65-->[:react-native-firebase_messaging] AndroidManifest.xml:26:13-73
66            <intent-filter>
66-->[:react-native-firebase_messaging] AndroidManifest.xml:27:13-29:29
67                <action android:name="com.google.android.c2dm.intent.RECEIVE" />
67-->[:react-native-firebase_messaging] AndroidManifest.xml:28:17-81
67-->[:react-native-firebase_messaging] AndroidManifest.xml:28:25-78
68            </intent-filter>
69        </receiver>
70
71        <meta-data
71-->[:react-native-firebase_messaging] AndroidManifest.xml:32:9-34:36
72            android:name="firebase_messaging_auto_init_enabled"
72-->[:react-native-firebase_messaging] AndroidManifest.xml:33:13-64
73            android:value="true" />
73-->[:react-native-firebase_messaging] AndroidManifest.xml:34:13-33
74        <meta-data
74-->[:react-native-firebase_messaging] AndroidManifest.xml:35:9-37:32
75            android:name="com.google.firebase.messaging.default_notification_channel_id"
75-->[:react-native-firebase_messaging] AndroidManifest.xml:36:13-89
76            android:value="" />
76-->[:react-native-firebase_messaging] AndroidManifest.xml:37:13-29
77        <meta-data
77-->[:react-native-firebase_messaging] AndroidManifest.xml:38:9-40:47
78            android:name="com.google.firebase.messaging.default_notification_color"
78-->[:react-native-firebase_messaging] AndroidManifest.xml:39:13-84
79            android:resource="@color/white" />
79-->[:react-native-firebase_messaging] AndroidManifest.xml:40:13-44
80        <meta-data
80-->[:react-native-firebase_app] AndroidManifest.xml:10:9-12:36
81            android:name="app_data_collection_default_enabled"
81-->[:react-native-firebase_app] AndroidManifest.xml:11:13-63
82            android:value="true" />
82-->[:react-native-firebase_app] AndroidManifest.xml:12:13-33
83
84        <service
84-->[:react-native-firebase_app] AndroidManifest.xml:14:9-18:19
85            android:name="com.google.firebase.components.ComponentDiscoveryService"
85-->[:react-native-firebase_app] AndroidManifest.xml:14:18-89
86            android:directBootAware="true"
86-->[com.google.firebase:firebase-common:20.0.0] AndroidManifest.xml:35:13-43
87            android:exported="false" >
87-->[com.google.firebase:firebase-messaging:22.0.0] AndroidManifest.xml:51:13-37
88            <meta-data
88-->[:react-native-firebase_app] AndroidManifest.xml:15:13-17:85
89                android:name="com.google.firebase.components:io.invertase.firebase.app.ReactNativeFirebaseAppRegistrar"
89-->[:react-native-firebase_app] AndroidManifest.xml:16:17-120
90                android:value="com.google.firebase.components.ComponentRegistrar" />
90-->[:react-native-firebase_app] AndroidManifest.xml:17:17-82
91            <meta-data
91-->[com.google.firebase:firebase-messaging:22.0.0] AndroidManifest.xml:52:13-54:85
92                android:name="com.google.firebase.components:com.google.firebase.messaging.FirebaseMessagingRegistrar"
92-->[com.google.firebase:firebase-messaging:22.0.0] AndroidManifest.xml:53:17-119
93                android:value="com.google.firebase.components.ComponentRegistrar" />
93-->[com.google.firebase:firebase-messaging:22.0.0] AndroidManifest.xml:54:17-82
94            <meta-data
94-->[com.google.firebase:firebase-datatransport:18.0.0] AndroidManifest.xml:28:13-30:85
95                android:name="com.google.firebase.components:com.google.firebase.datatransport.TransportRegistrar"
95-->[com.google.firebase:firebase-datatransport:18.0.0] AndroidManifest.xml:29:17-115
96                android:value="com.google.firebase.components.ComponentRegistrar" />
96-->[com.google.firebase:firebase-datatransport:18.0.0] AndroidManifest.xml:30:17-82
97            <meta-data
97-->[com.google.android.gms:play-services-measurement-api:19.0.1] AndroidManifest.xml:30:13-32:85
98                android:name="com.google.firebase.components:com.google.firebase.analytics.connector.internal.AnalyticsConnectorRegistrar"
98-->[com.google.android.gms:play-services-measurement-api:19.0.1] AndroidManifest.xml:31:17-139
99                android:value="com.google.firebase.components.ComponentRegistrar" />
99-->[com.google.android.gms:play-services-measurement-api:19.0.1] AndroidManifest.xml:32:17-82
100            <meta-data
100-->[com.google.firebase:firebase-installations:17.0.0] AndroidManifest.xml:18:13-20:85
101                android:name="com.google.firebase.components:com.google.firebase.installations.FirebaseInstallationsRegistrar"
101-->[com.google.firebase:firebase-installations:17.0.0] AndroidManifest.xml:19:17-127
102                android:value="com.google.firebase.components.ComponentRegistrar" />
102-->[com.google.firebase:firebase-installations:17.0.0] AndroidManifest.xml:20:17-82
103        </service>
104
105        <provider
105-->[:react-native-firebase_app] AndroidManifest.xml:20:9-24:38
106            android:name="io.invertase.firebase.app.ReactNativeFirebaseAppInitProvider"
106-->[:react-native-firebase_app] AndroidManifest.xml:21:13-88
107            android:authorities="com.projectname.reactnativefirebaseappinitprovider"
107-->[:react-native-firebase_app] AndroidManifest.xml:22:13-86
108            android:exported="false"
108-->[:react-native-firebase_app] AndroidManifest.xml:23:13-37
109            android:initOrder="99" />
109-->[:react-native-firebase_app] AndroidManifest.xml:24:13-35
110
111        <receiver
111-->[com.google.firebase:firebase-messaging:22.0.0] AndroidManifest.xml:28:9-35:20
112            android:name="com.google.firebase.iid.FirebaseInstanceIdReceiver"
112-->[com.google.firebase:firebase-messaging:22.0.0] AndroidManifest.xml:29:13-78
113            android:exported="true"
113-->[com.google.firebase:firebase-messaging:22.0.0] AndroidManifest.xml:30:13-36
114            android:permission="com.google.android.c2dm.permission.SEND" >
114-->[com.google.firebase:firebase-messaging:22.0.0] AndroidManifest.xml:31:13-73
115            <intent-filter>
115-->[:react-native-firebase_messaging] AndroidManifest.xml:27:13-29:29
116                <action android:name="com.google.android.c2dm.intent.RECEIVE" />
116-->[:react-native-firebase_messaging] AndroidManifest.xml:28:17-81
116-->[:react-native-firebase_messaging] AndroidManifest.xml:28:25-78
117            </intent-filter>
118        </receiver>
119        <!--
120             FirebaseMessagingService performs security checks at runtime,
121             but set to not exported to explicitly avoid allowing another app to call it.
122        -->
123        <service
123-->[com.google.firebase:firebase-messaging:22.0.0] AndroidManifest.xml:41:9-48:19
124            android:name="com.google.firebase.messaging.FirebaseMessagingService"
124-->[com.google.firebase:firebase-messaging:22.0.0] AndroidManifest.xml:42:13-82
125            android:directBootAware="true"
125-->[com.google.firebase:firebase-messaging:22.0.0] AndroidManifest.xml:43:13-43
126            android:exported="false" >
126-->[com.google.firebase:firebase-messaging:22.0.0] AndroidManifest.xml:44:13-37
127            <intent-filter android:priority="-500" >
127-->[:react-native-firebase_messaging] AndroidManifest.xml:18:13-20:29
128                <action android:name="com.google.firebase.MESSAGING_EVENT" />
128-->[:react-native-firebase_messaging] AndroidManifest.xml:19:17-78
128-->[:react-native-firebase_messaging] AndroidManifest.xml:19:25-75
129            </intent-filter>
130        </service>
131        <service
131-->[com.google.android.datatransport:transport-backend-cct:3.0.0] AndroidManifest.xml:29:9-35:19
132            android:name="com.google.android.datatransport.runtime.backends.TransportBackendDiscovery"
132-->[com.google.android.datatransport:transport-backend-cct:3.0.0] AndroidManifest.xml:30:13-103
133            android:exported="false" >
133-->[com.google.android.datatransport:transport-backend-cct:3.0.0] AndroidManifest.xml:31:13-37
134            <meta-data
134-->[com.google.android.datatransport:transport-backend-cct:3.0.0] AndroidManifest.xml:32:13-34:39
135                android:name="backend:com.google.android.datatransport.cct.CctBackendFactory"
135-->[com.google.android.datatransport:transport-backend-cct:3.0.0] AndroidManifest.xml:33:17-94
136                android:value="cct" />
136-->[com.google.android.datatransport:transport-backend-cct:3.0.0] AndroidManifest.xml:34:17-36
137        </service>
138
139        <provider
139-->[com.google.firebase:firebase-common:20.0.0] AndroidManifest.xml:26:9-31:39
140            android:name="com.google.firebase.provider.FirebaseInitProvider"
140-->[com.google.firebase:firebase-common:20.0.0] AndroidManifest.xml:27:13-77
141            android:authorities="com.projectname.firebaseinitprovider"
141-->[com.google.firebase:firebase-common:20.0.0] AndroidManifest.xml:28:13-72
142            android:directBootAware="true"
142-->[com.google.firebase:firebase-common:20.0.0] AndroidManifest.xml:29:13-43
143            android:exported="false"
143-->[com.google.firebase:firebase-common:20.0.0] AndroidManifest.xml:30:13-37
144            android:initOrder="100" />
144-->[com.google.firebase:firebase-common:20.0.0] AndroidManifest.xml:31:13-36
145        <provider
145-->[androidx.work:work-runtime:2.5.0] AndroidManifest.xml:31:9-37:35
146            android:name="androidx.work.impl.WorkManagerInitializer"
146-->[androidx.work:work-runtime:2.5.0] AndroidManifest.xml:32:13-69
147            android:authorities="com.projectname.workmanager-init"
147-->[androidx.work:work-runtime:2.5.0] AndroidManifest.xml:33:13-68
148            android:directBootAware="false"
148-->[androidx.work:work-runtime:2.5.0] AndroidManifest.xml:34:13-44
149            android:exported="false"
149-->[androidx.work:work-runtime:2.5.0] AndroidManifest.xml:35:13-37
150            android:multiprocess="true" />
150-->[androidx.work:work-runtime:2.5.0] AndroidManifest.xml:36:13-40
151
152        <service
152-->[androidx.work:work-runtime:2.5.0] AndroidManifest.xml:39:9-44:35
153            android:name="androidx.work.impl.background.systemalarm.SystemAlarmService"
153-->[androidx.work:work-runtime:2.5.0] AndroidManifest.xml:40:13-88
154            android:directBootAware="false"
154-->[androidx.work:work-runtime:2.5.0] AndroidManifest.xml:41:13-44
155            android:enabled="@bool/enable_system_alarm_service_default"
155-->[androidx.work:work-runtime:2.5.0] AndroidManifest.xml:42:13-72
156            android:exported="false" />
156-->[androidx.work:work-runtime:2.5.0] AndroidManifest.xml:43:13-37
157        <service
157-->[androidx.work:work-runtime:2.5.0] AndroidManifest.xml:45:9-51:35
158            android:name="androidx.work.impl.background.systemjob.SystemJobService"
158-->[androidx.work:work-runtime:2.5.0] AndroidManifest.xml:46:13-84
159            android:directBootAware="false"
159-->[androidx.work:work-runtime:2.5.0] AndroidManifest.xml:47:13-44
160            android:enabled="@bool/enable_system_job_service_default"
160-->[androidx.work:work-runtime:2.5.0] AndroidManifest.xml:48:13-70
161            android:exported="true"
161-->[androidx.work:work-runtime:2.5.0] AndroidManifest.xml:49:13-36
162            android:permission="android.permission.BIND_JOB_SERVICE" />
162-->[androidx.work:work-runtime:2.5.0] AndroidManifest.xml:50:13-69
163        <service
163-->[androidx.work:work-runtime:2.5.0] AndroidManifest.xml:52:9-57:35
164            android:name="androidx.work.impl.foreground.SystemForegroundService"
164-->[androidx.work:work-runtime:2.5.0] AndroidManifest.xml:53:13-81
165            android:directBootAware="false"
165-->[androidx.work:work-runtime:2.5.0] AndroidManifest.xml:54:13-44
166            android:enabled="@bool/enable_system_foreground_service_default"
166-->[androidx.work:work-runtime:2.5.0] AndroidManifest.xml:55:13-77
167            android:exported="false" />
167-->[androidx.work:work-runtime:2.5.0] AndroidManifest.xml:56:13-37
168
169        <receiver
169-->[androidx.work:work-runtime:2.5.0] AndroidManifest.xml:59:9-64:35
170            android:name="androidx.work.impl.utils.ForceStopRunnable$BroadcastReceiver"
170-->[androidx.work:work-runtime:2.5.0] AndroidManifest.xml:60:13-88
171            android:directBootAware="false"
171-->[androidx.work:work-runtime:2.5.0] AndroidManifest.xml:61:13-44
172            android:enabled="true"
172-->[androidx.work:work-runtime:2.5.0] AndroidManifest.xml:62:13-35
173            android:exported="false" />
173-->[androidx.work:work-runtime:2.5.0] AndroidManifest.xml:63:13-37
174        <receiver
174-->[androidx.work:work-runtime:2.5.0] AndroidManifest.xml:65:9-75:20
175            android:name="androidx.work.impl.background.systemalarm.ConstraintProxy$BatteryChargingProxy"
175-->[androidx.work:work-runtime:2.5.0] AndroidManifest.xml:66:13-106
176            android:directBootAware="false"
176-->[androidx.work:work-runtime:2.5.0] AndroidManifest.xml:67:13-44
177            android:enabled="false"
177-->[androidx.work:work-runtime:2.5.0] AndroidManifest.xml:68:13-36
178            android:exported="false" >
178-->[androidx.work:work-runtime:2.5.0] AndroidManifest.xml:69:13-37
179            <intent-filter>
179-->[androidx.work:work-runtime:2.5.0] AndroidManifest.xml:71:13-74:29
180                <action android:name="android.intent.action.ACTION_POWER_CONNECTED" />
180-->[androidx.work:work-runtime:2.5.0] AndroidManifest.xml:72:17-87
180-->[androidx.work:work-runtime:2.5.0] AndroidManifest.xml:72:25-84
181                <action android:name="android.intent.action.ACTION_POWER_DISCONNECTED" />
181-->[androidx.work:work-runtime:2.5.0] AndroidManifest.xml:73:17-90
181-->[androidx.work:work-runtime:2.5.0] AndroidManifest.xml:73:25-87
182            </intent-filter>
183        </receiver>
184        <receiver
184-->[androidx.work:work-runtime:2.5.0] AndroidManifest.xml:76:9-86:20
185            android:name="androidx.work.impl.background.systemalarm.ConstraintProxy$BatteryNotLowProxy"
185-->[androidx.work:work-runtime:2.5.0] AndroidManifest.xml:77:13-104
186            android:directBootAware="false"
186-->[androidx.work:work-runtime:2.5.0] AndroidManifest.xml:78:13-44
187            android:enabled="false"
187-->[androidx.work:work-runtime:2.5.0] AndroidManifest.xml:79:13-36
188            android:exported="false" >
188-->[androidx.work:work-runtime:2.5.0] AndroidManifest.xml:80:13-37
189            <intent-filter>
189-->[androidx.work:work-runtime:2.5.0] AndroidManifest.xml:82:13-85:29
190                <action android:name="android.intent.action.BATTERY_OKAY" />
190-->[androidx.work:work-runtime:2.5.0] AndroidManifest.xml:83:17-77
190-->[androidx.work:work-runtime:2.5.0] AndroidManifest.xml:83:25-74
191                <action android:name="android.intent.action.BATTERY_LOW" />
191-->[androidx.work:work-runtime:2.5.0] AndroidManifest.xml:84:17-76
191-->[androidx.work:work-runtime:2.5.0] AndroidManifest.xml:84:25-73
192            </intent-filter>
193        </receiver>
194        <receiver
194-->[androidx.work:work-runtime:2.5.0] AndroidManifest.xml:87:9-97:20
195            android:name="androidx.work.impl.background.systemalarm.ConstraintProxy$StorageNotLowProxy"
195-->[androidx.work:work-runtime:2.5.0] AndroidManifest.xml:88:13-104
196            android:directBootAware="false"
196-->[androidx.work:work-runtime:2.5.0] AndroidManifest.xml:89:13-44
197            android:enabled="false"
197-->[androidx.work:work-runtime:2.5.0] AndroidManifest.xml:90:13-36
198            android:exported="false" >
198-->[androidx.work:work-runtime:2.5.0] AndroidManifest.xml:91:13-37
199            <intent-filter>
199-->[androidx.work:work-runtime:2.5.0] AndroidManifest.xml:93:13-96:29
200                <action android:name="android.intent.action.DEVICE_STORAGE_LOW" />
200-->[androidx.work:work-runtime:2.5.0] AndroidManifest.xml:94:17-83
200-->[androidx.work:work-runtime:2.5.0] AndroidManifest.xml:94:25-80
201                <action android:name="android.intent.action.DEVICE_STORAGE_OK" />
201-->[androidx.work:work-runtime:2.5.0] AndroidManifest.xml:95:17-82
201-->[androidx.work:work-runtime:2.5.0] AndroidManifest.xml:95:25-79
202            </intent-filter>
203        </receiver>
204        <receiver
204-->[androidx.work:work-runtime:2.5.0] AndroidManifest.xml:98:9-107:20
205            android:name="androidx.work.impl.background.systemalarm.ConstraintProxy$NetworkStateProxy"
205-->[androidx.work:work-runtime:2.5.0] AndroidManifest.xml:99:13-103
206            android:directBootAware="false"
206-->[androidx.work:work-runtime:2.5.0] AndroidManifest.xml:100:13-44
207            android:enabled="false"
207-->[androidx.work:work-runtime:2.5.0] AndroidManifest.xml:101:13-36
208            android:exported="false" >
208-->[androidx.work:work-runtime:2.5.0] AndroidManifest.xml:102:13-37
209            <intent-filter>
209-->[androidx.work:work-runtime:2.5.0] AndroidManifest.xml:104:13-106:29
210                <action android:name="android.net.conn.CONNECTIVITY_CHANGE" />
210-->[androidx.work:work-runtime:2.5.0] AndroidManifest.xml:105:17-79
210-->[androidx.work:work-runtime:2.5.0] AndroidManifest.xml:105:25-76
211            </intent-filter>
212        </receiver>
213        <receiver
213-->[androidx.work:work-runtime:2.5.0] AndroidManifest.xml:108:9-119:20
214            android:name="androidx.work.impl.background.systemalarm.RescheduleReceiver"
214-->[androidx.work:work-runtime:2.5.0] AndroidManifest.xml:109:13-88
215            android:directBootAware="false"
215-->[androidx.work:work-runtime:2.5.0] AndroidManifest.xml:110:13-44
216            android:enabled="false"
216-->[androidx.work:work-runtime:2.5.0] AndroidManifest.xml:111:13-36
217            android:exported="false" >
217-->[androidx.work:work-runtime:2.5.0] AndroidManifest.xml:112:13-37
218            <intent-filter>
218-->[androidx.work:work-runtime:2.5.0] AndroidManifest.xml:114:13-118:29
219                <action android:name="android.intent.action.BOOT_COMPLETED" />
219-->[androidx.work:work-runtime:2.5.0] AndroidManifest.xml:115:17-79
219-->[androidx.work:work-runtime:2.5.0] AndroidManifest.xml:115:25-76
220                <action android:name="android.intent.action.TIME_SET" />
220-->[androidx.work:work-runtime:2.5.0] AndroidManifest.xml:116:17-73
220-->[androidx.work:work-runtime:2.5.0] AndroidManifest.xml:116:25-70
221                <action android:name="android.intent.action.TIMEZONE_CHANGED" />
221-->[androidx.work:work-runtime:2.5.0] AndroidManifest.xml:117:17-81
221-->[androidx.work:work-runtime:2.5.0] AndroidManifest.xml:117:25-78
222            </intent-filter>
223        </receiver>
224        <receiver
224-->[androidx.work:work-runtime:2.5.0] AndroidManifest.xml:120:9-129:20
225            android:name="androidx.work.impl.background.systemalarm.ConstraintProxyUpdateReceiver"
225-->[androidx.work:work-runtime:2.5.0] AndroidManifest.xml:121:13-99
226            android:directBootAware="false"
226-->[androidx.work:work-runtime:2.5.0] AndroidManifest.xml:122:13-44
227            android:enabled="@bool/enable_system_alarm_service_default"
227-->[androidx.work:work-runtime:2.5.0] AndroidManifest.xml:123:13-72
228            android:exported="false" >
228-->[androidx.work:work-runtime:2.5.0] AndroidManifest.xml:124:13-37
229            <intent-filter>
229-->[androidx.work:work-runtime:2.5.0] AndroidManifest.xml:126:13-128:29
230                <action android:name="androidx.work.impl.background.systemalarm.UpdateProxies" />
230-->[androidx.work:work-runtime:2.5.0] AndroidManifest.xml:127:17-98
230-->[androidx.work:work-runtime:2.5.0] AndroidManifest.xml:127:25-95
231            </intent-filter>
232        </receiver>
233        <receiver
233-->[androidx.work:work-runtime:2.5.0] AndroidManifest.xml:130:9-140:20
234            android:name="androidx.work.impl.diagnostics.DiagnosticsReceiver"
234-->[androidx.work:work-runtime:2.5.0] AndroidManifest.xml:131:13-78
235            android:directBootAware="false"
235-->[androidx.work:work-runtime:2.5.0] AndroidManifest.xml:132:13-44
236            android:enabled="true"
236-->[androidx.work:work-runtime:2.5.0] AndroidManifest.xml:133:13-35
237            android:exported="true"
237-->[androidx.work:work-runtime:2.5.0] AndroidManifest.xml:134:13-36
238            android:permission="android.permission.DUMP" >
238-->[androidx.work:work-runtime:2.5.0] AndroidManifest.xml:135:13-57
239            <intent-filter>
239-->[androidx.work:work-runtime:2.5.0] AndroidManifest.xml:137:13-139:29
240                <action android:name="androidx.work.diagnostics.REQUEST_DIAGNOSTICS" />
240-->[androidx.work:work-runtime:2.5.0] AndroidManifest.xml:138:17-88
240-->[androidx.work:work-runtime:2.5.0] AndroidManifest.xml:138:25-85
241            </intent-filter>
242        </receiver>
243
244        <service
244-->[androidx.room:room-runtime:2.2.5] AndroidManifest.xml:25:9-28:40
245            android:name="androidx.room.MultiInstanceInvalidationService"
245-->[androidx.room:room-runtime:2.2.5] AndroidManifest.xml:26:13-74
246            android:directBootAware="true"
246-->[androidx.room:room-runtime:2.2.5] AndroidManifest.xml:27:13-43
247            android:exported="false" />
247-->[androidx.room:room-runtime:2.2.5] AndroidManifest.xml:28:13-37
248        <service
248-->[com.google.android.datatransport:transport-runtime:3.0.0] AndroidManifest.xml:26:9-30:19
249            android:name="com.google.android.datatransport.runtime.scheduling.jobscheduling.JobInfoSchedulerService"
249-->[com.google.android.datatransport:transport-runtime:3.0.0] AndroidManifest.xml:27:13-117
250            android:exported="false"
250-->[com.google.android.datatransport:transport-runtime:3.0.0] AndroidManifest.xml:28:13-37
251            android:permission="android.permission.BIND_JOB_SERVICE" >
251-->[com.google.android.datatransport:transport-runtime:3.0.0] AndroidManifest.xml:29:13-69
252        </service>
253
254        <receiver
254-->[com.google.android.datatransport:transport-runtime:3.0.0] AndroidManifest.xml:32:9-34:40
255            android:name="com.google.android.datatransport.runtime.scheduling.jobscheduling.AlarmManagerSchedulerBroadcastReceiver"
255-->[com.google.android.datatransport:transport-runtime:3.0.0] AndroidManifest.xml:33:13-132
256            android:exported="false" />
256-->[com.google.android.datatransport:transport-runtime:3.0.0] AndroidManifest.xml:34:13-37
257
258        <activity
258-->[com.google.android.gms:play-services-auth:19.2.0] AndroidManifest.xml:23:9-27:75
259            android:name="com.google.android.gms.auth.api.signin.internal.SignInHubActivity"
259-->[com.google.android.gms:play-services-auth:19.2.0] AndroidManifest.xml:24:13-93
260            android:excludeFromRecents="true"
260-->[com.google.android.gms:play-services-auth:19.2.0] AndroidManifest.xml:25:13-46
261            android:exported="false"
261-->[com.google.android.gms:play-services-auth:19.2.0] AndroidManifest.xml:26:13-37
262            android:theme="@android:style/Theme.Translucent.NoTitleBar" />
262-->[com.google.android.gms:play-services-auth:19.2.0] AndroidManifest.xml:27:13-72
263        <!--